ERROR - 2017-05-04 16:47:39: Error Executing Query
MySql.Data.MySqlClient.MySqlException (0x80004005): Unknown column 'escription' in 'field list'
   at MySql.Data.MySqlClient.MySqlStream.ReadPacket()
   at MySql.Data.MySqlClient.NativeDriver.GetResult(Int32& affectedRow, Int64& insertedId)
   at MySql.Data.MySqlClient.Driver.NextResult(Int32 statementId, Boolean force)
   at MySql.Data.MySqlClient.MySqlDataReader.NextResult()
   at MySql.Data.MySqlClient.MySqlCommand.ExecuteReader(CommandBehavior behavior)
   at Dapper.SqlMapper.ExecuteReaderWithFlagsFallback(IDbCommand cmd, Boolean wasClosed, CommandBehavior behavior)
   at Dapper.SqlMapper.<QueryImpl>d__125`1.MoveNext()
   at System.Collections.Generic.List`1..ctor(IEnumerable`1 collection)
   at System.Linq.Enumerable.ToList[TSource](IEnumerable`1 source)
   at Dapper.SqlMapper.Query[T](IDbConnection cnn, String sql, Object param, IDbTransaction transaction, Boolean buffered, Nullable`1 commandTimeout, Nullable`1 commandType)
   at Contec.Framework.Data.BaseRepository.Query[T](String sql, Object param) in D:\Dropbox\Projects\Contec-Analytics\Contec.Framework\Data\BaseRepository.cs:line 52
ERROR - 2017-05-05 15:10:15: Error Executing Execute
MySql.Data.MySqlClient.MySqlException (0x80004005): Unknown column 'IId' in 'field list'
   at MySql.Data.MySqlClient.MySqlStream.ReadPacket()
   at MySql.Data.MySqlClient.NativeDriver.GetResult(Int32& affectedRow, Int64& insertedId)
   at MySql.Data.MySqlClient.Driver.NextResult(Int32 statementId, Boolean force)
   at MySql.Data.MySqlClient.MySqlDataReader.NextResult()
   at MySql.Data.MySqlClient.MySqlCommand.ExecuteReader(CommandBehavior behavior)
   at MySql.Data.MySqlClient.MySqlCommand.ExecuteNonQuery()
   at Dapper.SqlMapper.ExecuteCommand(IDbConnection cnn, CommandDefinition& command, Action`2 paramReader)
   at Dapper.SqlMapper.ExecuteImpl(IDbConnection cnn, CommandDefinition& command)
   at Dapper.SqlMapper.Execute(IDbConnection cnn, String sql, Object param, IDbTransaction transaction, Nullable`1 commandTimeout, Nullable`1 commandType)
   at Contec.Framework.Data.BaseRepository.Execute(String sql, Object entity) in D:\Dropbox\Projects\Contec-Analytics\Contec.Framework\Data\BaseRepository.cs:line 153
ERROR - 2017-05-10 15:53:24: Error Executing Execute
MySql.Data.MySqlClient.MySqlException (0x80004005): Unknown column 'last_insert' in 'field list'
   at MySql.Data.MySqlClient.MySqlStream.ReadPacket()
   at MySql.Data.MySqlClient.NativeDriver.GetResult(Int32& affectedRow, Int64& insertedId)
   at MySql.Data.MySqlClient.Driver.NextResult(Int32 statementId, Boolean force)
   at MySql.Data.MySqlClient.MySqlDataReader.NextResult()
   at MySql.Data.MySqlClient.MySqlCommand.ExecuteReader(CommandBehavior behavior)
   at MySql.Data.MySqlClient.MySqlCommand.ExecuteNonQuery()
   at Dapper.SqlMapper.ExecuteCommand(IDbConnection cnn, CommandDefinition& command, Action`2 paramReader)
   at Dapper.SqlMapper.ExecuteImpl(IDbConnection cnn, CommandDefinition& command)
   at Dapper.SqlMapper.Execute(IDbConnection cnn, String sql, Object param, IDbTransaction transaction, Nullable`1 commandTimeout, Nullable`1 commandType)
   at Contec.Framework.Data.BaseRepository.Execute(String sql, Object entity) in D:\Dropbox\Projects\Contec-Analytics\Contec.Framework\Data\BaseRepository.cs:line 153
ERROR - 2017-05-16 08:36:50: Error Executing Query
MySql.Data.MySqlClient.MySqlException (0x80004005): Unknown database 'businessanalytics'
   at MySql.Data.MySqlClient.MySqlStream.ReadPacket()
   at MySql.Data.MySqlClient.Authentication.MySqlAuthenticationPlugin.ReadPacket()
ERROR - 2017-05-16 08:36:51: Error Executing Execute
MySql.Data.MySqlClient.MySqlException (0x80004005): Unknown database 'businessanalytics'
   at MySql.Data.MySqlClient.MySqlStream.ReadPacket()
   at MySql.Data.MySqlClient.Authentication.MySqlAuthenticationPlugin.ReadPacket()
ERROR - 2017-05-16 08:36:51: Error Executing Execute
MySql.Data.MySqlClient.MySqlException (0x80004005): Unknown database 'businessanalytics'
   at MySql.Data.MySqlClient.MySqlStream.ReadPacket()
   at MySql.Data.MySqlClient.Authentication.MySqlAuthenticationPlugin.ReadPacket()
ERROR - 2017-05-16 09:04:41: Error Executing Query
MySql.Data.MySqlClient.MySqlException (0x80004005): Unknown database 'businessanalytics'
   at MySql.Data.MySqlClient.MySqlStream.ReadPacket()
   at MySql.Data.MySqlClient.Authentication.MySqlAuthenticationPlugin.ReadPacket()
ERROR - 2017-05-16 09:04:41: Error Executing Query
MySql.Data.MySqlClient.MySqlException (0x80004005): Unknown database 'businessanalytics'
   at MySql.Data.MySqlClient.MySqlStream.ReadPacket()
   at MySql.Data.MySqlClient.Authentication.MySqlAuthenticationPlugin.ReadPacket()
ERROR - 2017-05-16 09:08:15: Error Executing Query
MySql.Data.MySqlClient.MySqlException (0x80004005): Unknown database 'businessanalytics'
   at MySql.Data.MySqlClient.MySqlStream.ReadPacket()
   at MySql.Data.MySqlClient.Authentication.MySqlAuthenticationPlugin.ReadPacket()
ERROR - 2017-05-16 09:08:15: Error Executing Query
MySql.Data.MySqlClient.MySqlException (0x80004005): Unknown database 'businessanalytics'
   at MySql.Data.MySqlClient.MySqlStream.ReadPacket()
   at MySql.Data.MySqlClient.Authentication.MySqlAuthenticationPlugin.ReadPacket()
ERROR - 2017-05-16 09:08:16: Error Executing Execute
MySql.Data.MySqlClient.MySqlException (0x80004005): Unknown database 'businessanalytics'
   at MySql.Data.MySqlClient.MySqlStream.ReadPacket()
   at MySql.Data.MySqlClient.Authentication.MySqlAuthenticationPlugin.ReadPacket()
ERROR - 2017-05-16 09:08:51: Error Executing Query
MySql.Data.MySqlClient.MySqlException (0x80004005): Unknown database 'businessanalytics'
   at MySql.Data.MySqlClient.MySqlStream.ReadPacket()
   at MySql.Data.MySqlClient.Authentication.MySqlAuthenticationPlugin.ReadPacket()
ERROR - 2017-05-16 09:08:51: Error Executing Query
MySql.Data.MySqlClient.MySqlException (0x80004005): Unknown database 'businessanalytics'
   at MySql.Data.MySqlClient.MySqlStream.ReadPacket()
   at MySql.Data.MySqlClient.Authentication.MySqlAuthenticationPlugin.ReadPacket()
ERROR - 2017-05-16 09:08:51: Error Executing Execute
MySql.Data.MySqlClient.MySqlException (0x80004005): Unknown database 'businessanalytics'
   at MySql.Data.MySqlClient.MySqlStream.ReadPacket()
   at MySql.Data.MySqlClient.Authentication.MySqlAuthenticationPlugin.ReadPacket()
ERROR - 2017-05-16 09:25:24: Error Executing Query
MySql.Data.MySqlClient.MySqlException (0x80004005): Unknown database 'businessanalytics'
   at MySql.Data.MySqlClient.MySqlStream.ReadPacket()
   at MySql.Data.MySqlClient.Authentication.MySqlAuthenticationPlugin.ReadPacket()
ERROR - 2017-05-16 09:25:24: Error Executing Query
MySql.Data.MySqlClient.MySqlException (0x80004005): Unknown database 'businessanalytics'
   at MySql.Data.MySqlClient.MySqlStream.ReadPacket()
   at MySql.Data.MySqlClient.Authentication.MySqlAuthenticationPlugin.ReadPacket()
ERROR - 2017-05-16 09:25:25: Error Executing Execute
MySql.Data.MySqlClient.MySqlException (0x80004005): Unknown database 'businessanalytics'
   at MySql.Data.MySqlClient.MySqlStream.ReadPacket()
   at MySql.Data.MySqlClient.Authentication.MySqlAuthenticationPlugin.ReadPacket()
ERROR - 2017-05-16 09:25:29: Error Executing Query
MySql.Data.MySqlClient.MySqlException (0x80004005): Unknown database 'businessanalytics'
   at MySql.Data.MySqlClient.MySqlStream.ReadPacket()
   at MySql.Data.MySqlClient.Authentication.MySqlAuthenticationPlugin.ReadPacket()
ERROR - 2017-05-16 09:25:29: Error Executing Query
MySql.Data.MySqlClient.MySqlException (0x80004005): Unknown database 'businessanalytics'
   at MySql.Data.MySqlClient.MySqlStream.ReadPacket()
   at MySql.Data.MySqlClient.Authentication.MySqlAuthenticationPlugin.ReadPacket()
ERROR - 2017-05-16 09:25:29: Error Executing Execute
MySql.Data.MySqlClient.MySqlException (0x80004005): Unknown database 'businessanalytics'
   at MySql.Data.MySqlClient.MySqlStream.ReadPacket()
   at MySql.Data.MySqlClient.Authentication.MySqlAuthenticationPlugin.ReadPacket()
ERROR - 2017-05-16 09:26:35: Error Executing Execute
MySql.Data.MySqlClient.MySqlException (0x80004005): Unknown database 'businessanalytics'
   at MySql.Data.MySqlClient.MySqlStream.ReadPacket()
   at MySql.Data.MySqlClient.Authentication.MySqlAuthenticationPlugin.ReadPacket()
ERROR - 2017-05-16 09:26:39: Error Executing Query
MySql.Data.MySqlClient.MySqlException (0x80004005): Unknown database 'businessanalytics'
   at MySql.Data.MySqlClient.MySqlStream.ReadPacket()
   at MySql.Data.MySqlClient.Authentication.MySqlAuthenticationPlugin.ReadPacket()
ERROR - 2017-05-16 09:26:39: Error Executing Query
MySql.Data.MySqlClient.MySqlException (0x80004005): Unknown database 'businessanalytics'
   at MySql.Data.MySqlClient.MySqlStream.ReadPacket()
   at MySql.Data.MySqlClient.Authentication.MySqlAuthenticationPlugin.ReadPacket()
ERROR - 2017-05-16 09:26:39: Error Executing Execute
MySql.Data.MySqlClient.MySqlException (0x80004005): Unknown database 'businessanalytics'
   at MySql.Data.MySqlClient.MySqlStream.ReadPacket()
   at MySql.Data.MySqlClient.Authentication.MySqlAuthenticationPlugin.ReadPacket()
ERROR - 2017-05-16 09:27:40: Error Executing Query
MySql.Data.MySqlClient.MySqlException (0x80004005): Unknown database 'businessanalytics'
   at MySql.Data.MySqlClient.MySqlStream.ReadPacket()
   at MySql.Data.MySqlClient.Authentication.MySqlAuthenticationPlugin.ReadPacket()
ERROR - 2017-05-16 09:27:40: Error Executing Query
MySql.Data.MySqlClient.MySqlException (0x80004005): Unknown database 'businessanalytics'
   at MySql.Data.MySqlClient.MySqlStream.ReadPacket()
   at MySql.Data.MySqlClient.Authentication.MySqlAuthenticationPlugin.ReadPacket()
ERROR - 2017-05-16 09:27:41: Error Executing Execute
MySql.Data.MySqlClient.MySqlException (0x80004005): Unknown database 'businessanalytics'
   at MySql.Data.MySqlClient.MySqlStream.ReadPacket()
   at MySql.Data.MySqlClient.Authentication.MySqlAuthenticationPlugin.ReadPacket()
ERROR - 2017-09-20 14:24:30: Error Executing Query
MySql.Data.MySqlClient.MySqlException (0x80004005): Table 'businessintelligence.bireports' doesn't exist in engine
   at MySql.Data.MySqlClient.MySqlStream.ReadPacket()
   at MySql.Data.MySqlClient.NativeDriver.GetResult(Int32& affectedRow, Int64& insertedId)
   at MySql.Data.MySqlClient.Driver.NextResult(Int32 statementId, Boolean force)
   at MySql.Data.MySqlClient.MySqlDataReader.NextResult()
   at MySql.Data.MySqlClient.MySqlCommand.ExecuteReader(CommandBehavior behavior)
   at Dapper.SqlMapper.ExecuteReaderWithFlagsFallback(IDbCommand cmd, Boolean wasClosed, CommandBehavior behavior)
   at Dapper.SqlMapper.<QueryImpl>d__125`1.MoveNext()
   at System.Collections.Generic.List`1..ctor(IEnumerable`1 collection)
   at System.Linq.Enumerable.ToList[TSource](IEnumerable`1 source)
   at Dapper.SqlMapper.Query[T](IDbConnection cnn, String sql, Object param, IDbTransaction transaction, Boolean buffered, Nullable`1 commandTimeout, Nullable`1 commandType)
   at Contec.Framework.Data.BaseRepository.Query[T](String sql, Object param) in D:\Dropbox\Projects\Contec-BusinessIntelligence\Contec.Framework\Data\BaseRepository.cs:line 54
ERROR - 2017-09-20 14:24:30: Error Executing Execute
MySql.Data.MySqlClient.MySqlException (0x80004005): Table 'businessintelligence.biaudit' doesn't exist in engine
   at MySql.Data.MySqlClient.MySqlStream.ReadPacket()
   at MySql.Data.MySqlClient.NativeDriver.GetResult(Int32& affectedRow, Int64& insertedId)
   at MySql.Data.MySqlClient.Driver.NextResult(Int32 statementId, Boolean force)
   at MySql.Data.MySqlClient.MySqlDataReader.NextResult()
   at MySql.Data.MySqlClient.MySqlCommand.ExecuteReader(CommandBehavior behavior)
   at MySql.Data.MySqlClient.MySqlCommand.ExecuteNonQuery()
   at Dapper.SqlMapper.ExecuteCommand(IDbConnection cnn, CommandDefinition& command, Action`2 paramReader)
   at Dapper.SqlMapper.ExecuteImpl(IDbConnection cnn, CommandDefinition& command)
   at Dapper.SqlMapper.Execute(IDbConnection cnn, String sql, Object param, IDbTransaction transaction, Nullable`1 commandTimeout, Nullable`1 commandType)
   at Contec.Framework.Data.BaseRepository.Execute(String sql, Object entity) in D:\Dropbox\Projects\Contec-BusinessIntelligence\Contec.Framework\Data\BaseRepository.cs:line 153
ERROR - 2017-09-20 14:24:30: Error Executing Execute
MySql.Data.MySqlClient.MySqlException (0x80004005): Table 'businessintelligence.biaudit' doesn't exist in engine
   at MySql.Data.MySqlClient.MySqlStream.ReadPacket()
   at MySql.Data.MySqlClient.NativeDriver.GetResult(Int32& affectedRow, Int64& insertedId)
   at MySql.Data.MySqlClient.Driver.NextResult(Int32 statementId, Boolean force)
   at MySql.Data.MySqlClient.MySqlDataReader.NextResult()
   at MySql.Data.MySqlClient.MySqlCommand.ExecuteReader(CommandBehavior behavior)
   at MySql.Data.MySqlClient.MySqlCommand.ExecuteNonQuery()
   at Dapper.SqlMapper.ExecuteCommand(IDbConnection cnn, CommandDefinition& command, Action`2 paramReader)
   at Dapper.SqlMapper.ExecuteImpl(IDbConnection cnn, CommandDefinition& command)
   at Dapper.SqlMapper.Execute(IDbConnection cnn, String sql, Object param, IDbTransaction transaction, Nullable`1 commandTimeout, Nullable`1 commandType)
   at Contec.Framework.Data.BaseRepository.Execute(String sql, Object entity) in D:\Dropbox\Projects\Contec-BusinessIntelligence\Contec.Framework\Data\BaseRepository.cs:line 153
ERROR - 2017-09-20 14:24:41: Error Executing Query
MySql.Data.MySqlClient.MySqlException (0x80004005): Table 'businessintelligence.bireports' doesn't exist in engine
   at MySql.Data.MySqlClient.MySqlStream.ReadPacket()
   at MySql.Data.MySqlClient.NativeDriver.GetResult(Int32& affectedRow, Int64& insertedId)
   at MySql.Data.MySqlClient.Driver.NextResult(Int32 statementId, Boolean force)
   at MySql.Data.MySqlClient.MySqlDataReader.NextResult()
   at MySql.Data.MySqlClient.MySqlCommand.ExecuteReader(CommandBehavior behavior)
   at Dapper.SqlMapper.ExecuteReaderWithFlagsFallback(IDbCommand cmd, Boolean wasClosed, CommandBehavior behavior)
   at Dapper.SqlMapper.<QueryImpl>d__125`1.MoveNext()
   at System.Collections.Generic.List`1..ctor(IEnumerable`1 collection)
   at System.Linq.Enumerable.ToList[TSource](IEnumerable`1 source)
   at Dapper.SqlMapper.Query[T](IDbConnection cnn, String sql, Object param, IDbTransaction transaction, Boolean buffered, Nullable`1 commandTimeout, Nullable`1 commandType)
   at Contec.Framework.Data.BaseRepository.Query[T](String sql, Object param) in D:\Dropbox\Projects\Contec-BusinessIntelligence\Contec.Framework\Data\BaseRepository.cs:line 54
ERROR - 2017-09-20 14:24:41: Error Executing Query
MySql.Data.MySqlClient.MySqlException (0x80004005): Table 'businessintelligence.bireportstosites' doesn't exist in engine
   at MySql.Data.MySqlClient.MySqlStream.ReadPacket()
   at MySql.Data.MySqlClient.NativeDriver.GetResult(Int32& affectedRow, Int64& insertedId)
   at MySql.Data.MySqlClient.Driver.NextResult(Int32 statementId, Boolean force)
   at MySql.Data.MySqlClient.MySqlDataReader.NextResult()
   at MySql.Data.MySqlClient.MySqlCommand.ExecuteReader(CommandBehavior behavior)
   at Dapper.SqlMapper.ExecuteReaderWithFlagsFallback(IDbCommand cmd, Boolean wasClosed, CommandBehavior behavior)
   at Dapper.SqlMapper.<QueryImpl>d__125`1.MoveNext()
   at System.Collections.Generic.List`1..ctor(IEnumerable`1 collection)
   at System.Linq.Enumerable.ToList[TSource](IEnumerable`1 source)
   at Dapper.SqlMapper.Query[T](IDbConnection cnn, String sql, Object param, IDbTransaction transaction, Boolean buffered, Nullable`1 commandTimeout, Nullable`1 commandType)
   at Contec.Framework.Data.BaseRepository.Query[T](String sql, Object param) in D:\Dropbox\Projects\Contec-BusinessIntelligence\Contec.Framework\Data\BaseRepository.cs:line 54
ERROR - 2017-09-20 14:24:42: Error Executing Execute
MySql.Data.MySqlClient.MySqlException (0x80004005): Table 'businessintelligence.biaudit' doesn't exist in engine
   at MySql.Data.MySqlClient.MySqlStream.ReadPacket()
   at MySql.Data.MySqlClient.NativeDriver.GetResult(Int32& affectedRow, Int64& insertedId)
   at MySql.Data.MySqlClient.Driver.NextResult(Int32 statementId, Boolean force)
   at MySql.Data.MySqlClient.MySqlDataReader.NextResult()
   at MySql.Data.MySqlClient.MySqlCommand.ExecuteReader(CommandBehavior behavior)
   at MySql.Data.MySqlClient.MySqlCommand.ExecuteNonQuery()
   at Dapper.SqlMapper.ExecuteCommand(IDbConnection cnn, CommandDefinition& command, Action`2 paramReader)
   at Dapper.SqlMapper.ExecuteImpl(IDbConnection cnn, CommandDefinition& command)
   at Dapper.SqlMapper.Execute(IDbConnection cnn, String sql, Object param, IDbTransaction transaction, Nullable`1 commandTimeout, Nullable`1 commandType)
   at Contec.Framework.Data.BaseRepository.Execute(String sql, Object entity) in D:\Dropbox\Projects\Contec-BusinessIntelligence\Contec.Framework\Data\BaseRepository.cs:line 153
ERROR - 2017-09-20 14:25:04: Error Executing Execute
MySql.Data.MySqlClient.MySqlException (0x80004005): Table 'businessintelligence.biaudit' doesn't exist in engine
   at MySql.Data.MySqlClient.MySqlStream.ReadPacket()
   at MySql.Data.MySqlClient.NativeDriver.GetResult(Int32& affectedRow, Int64& insertedId)
   at MySql.Data.MySqlClient.Driver.NextResult(Int32 statementId, Boolean force)
   at MySql.Data.MySqlClient.MySqlDataReader.NextResult()
   at MySql.Data.MySqlClient.MySqlCommand.ExecuteReader(CommandBehavior behavior)
   at MySql.Data.MySqlClient.MySqlCommand.ExecuteNonQuery()
   at Dapper.SqlMapper.ExecuteCommand(IDbConnection cnn, CommandDefinition& command, Action`2 paramReader)
   at Dapper.SqlMapper.ExecuteImpl(IDbConnection cnn, CommandDefinition& command)
   at Dapper.SqlMapper.Execute(IDbConnection cnn, String sql, Object param, IDbTransaction transaction, Nullable`1 commandTimeout, Nullable`1 commandType)
   at Contec.Framework.Data.BaseRepository.Execute(String sql, Object entity) in D:\Dropbox\Projects\Contec-BusinessIntelligence\Contec.Framework\Data\BaseRepository.cs:line 153
ERROR - 2017-09-20 14:25:05: Error Executing Execute
MySql.Data.MySqlClient.MySqlException (0x80004005): Table 'businessintelligence.biaudit' doesn't exist in engine
   at MySql.Data.MySqlClient.MySqlStream.ReadPacket()
   at MySql.Data.MySqlClient.NativeDriver.GetResult(Int32& affectedRow, Int64& insertedId)
   at MySql.Data.MySqlClient.Driver.NextResult(Int32 statementId, Boolean force)
   at MySql.Data.MySqlClient.MySqlDataReader.NextResult()
   at MySql.Data.MySqlClient.MySqlCommand.ExecuteReader(CommandBehavior behavior)
   at MySql.Data.MySqlClient.MySqlCommand.ExecuteNonQuery()
   at Dapper.SqlMapper.ExecuteCommand(IDbConnection cnn, CommandDefinition& command, Action`2 paramReader)
   at Dapper.SqlMapper.ExecuteImpl(IDbConnection cnn, CommandDefinition& command)
   at Dapper.SqlMapper.Execute(IDbConnection cnn, String sql, Object param, IDbTransaction transaction, Nullable`1 commandTimeout, Nullable`1 commandType)
   at Contec.Framework.Data.BaseRepository.Execute(String sql, Object entity) in D:\Dropbox\Projects\Contec-BusinessIntelligence\Contec.Framework\Data\BaseRepository.cs:line 153
ERROR - 2017-09-20 14:28:38: Error Executing Execute
MySql.Data.MySqlClient.MySqlException (0x80004005): Table 'businessintelligence.biaudit' doesn't exist in engine
   at MySql.Data.MySqlClient.MySqlStream.ReadPacket()
   at MySql.Data.MySqlClient.NativeDriver.GetResult(Int32& affectedRow, Int64& insertedId)
   at MySql.Data.MySqlClient.Driver.NextResult(Int32 statementId, Boolean force)
   at MySql.Data.MySqlClient.MySqlDataReader.NextResult()
   at MySql.Data.MySqlClient.MySqlCommand.ExecuteReader(CommandBehavior behavior)
   at MySql.Data.MySqlClient.MySqlCommand.ExecuteNonQuery()
   at Dapper.SqlMapper.ExecuteCommand(IDbConnection cnn, CommandDefinition& command, Action`2 paramReader)
   at Dapper.SqlMapper.ExecuteImpl(IDbConnection cnn, CommandDefinition& command)
   at Dapper.SqlMapper.Execute(IDbConnection cnn, String sql, Object param, IDbTransaction transaction, Nullable`1 commandTimeout, Nullable`1 commandType)
   at Contec.Framework.Data.BaseRepository.Execute(String sql, Object entity) in D:\Dropbox\Projects\Contec-BusinessIntelligence\Contec.Framework\Data\BaseRepository.cs:line 153
ERROR - 2017-09-20 14:29:10: Error Executing Execute
MySql.Data.MySqlClient.MySqlException (0x80004005): Table 'businessintelligence.biaudit' doesn't exist in engine
   at MySql.Data.MySqlClient.MySqlStream.ReadPacket()
   at MySql.Data.MySqlClient.NativeDriver.GetResult(Int32& affectedRow, Int64& insertedId)
   at MySql.Data.MySqlClient.Driver.NextResult(Int32 statementId, Boolean force)
   at MySql.Data.MySqlClient.MySqlDataReader.NextResult()
   at MySql.Data.MySqlClient.MySqlCommand.ExecuteReader(CommandBehavior behavior)
   at MySql.Data.MySqlClient.MySqlCommand.ExecuteNonQuery()
   at Dapper.SqlMapper.ExecuteCommand(IDbConnection cnn, CommandDefinition& command, Action`2 paramReader)
   at Dapper.SqlMapper.ExecuteImpl(IDbConnection cnn, CommandDefinition& command)
   at Dapper.SqlMapper.Execute(IDbConnection cnn, String sql, Object param, IDbTransaction transaction, Nullable`1 commandTimeout, Nullable`1 commandType)
   at Contec.Framework.Data.BaseRepository.Execute(String sql, Object entity) in D:\Dropbox\Projects\Contec-BusinessIntelligence\Contec.Framework\Data\BaseRepository.cs:line 153
ERROR - 2017-09-20 14:29:18: Error Executing Execute
MySql.Data.MySqlClient.MySqlException (0x80004005): Table 'businessintelligence.biaudit' doesn't exist in engine
   at MySql.Data.MySqlClient.MySqlStream.ReadPacket()
   at MySql.Data.MySqlClient.NativeDriver.GetResult(Int32& affectedRow, Int64& insertedId)
   at MySql.Data.MySqlClient.Driver.NextResult(Int32 statementId, Boolean force)
   at MySql.Data.MySqlClient.MySqlDataReader.NextResult()
   at MySql.Data.MySqlClient.MySqlCommand.ExecuteReader(CommandBehavior behavior)
   at MySql.Data.MySqlClient.MySqlCommand.ExecuteNonQuery()
   at Dapper.SqlMapper.ExecuteCommand(IDbConnection cnn, CommandDefinition& command, Action`2 paramReader)
   at Dapper.SqlMapper.ExecuteImpl(IDbConnection cnn, CommandDefinition& command)
   at Dapper.SqlMapper.Execute(IDbConnection cnn, String sql, Object param, IDbTransaction transaction, Nullable`1 commandTimeout, Nullable`1 commandType)
   at Contec.Framework.Data.BaseRepository.Execute(String sql, Object entity) in D:\Dropbox\Projects\Contec-BusinessIntelligence\Contec.Framework\Data\BaseRepository.cs:line 153
ERROR - 2017-09-20 14:29:27: Error Executing Query
MySql.Data.MySqlClient.MySqlException (0x80004005): Table 'businessintelligence.bireports' doesn't exist in engine
   at MySql.Data.MySqlClient.MySqlStream.ReadPacket()
   at MySql.Data.MySqlClient.NativeDriver.GetResult(Int32& affectedRow, Int64& insertedId)
   at MySql.Data.MySqlClient.Driver.NextResult(Int32 statementId, Boolean force)
   at MySql.Data.MySqlClient.MySqlDataReader.NextResult()
   at MySql.Data.MySqlClient.MySqlCommand.ExecuteReader(CommandBehavior behavior)
   at Dapper.SqlMapper.ExecuteReaderWithFlagsFallback(IDbCommand cmd, Boolean wasClosed, CommandBehavior behavior)
   at Dapper.SqlMapper.<QueryImpl>d__125`1.MoveNext()
   at System.Collections.Generic.List`1..ctor(IEnumerable`1 collection)
   at System.Linq.Enumerable.ToList[TSource](IEnumerable`1 source)
   at Dapper.SqlMapper.Query[T](IDbConnection cnn, String sql, Object param, IDbTransaction transaction, Boolean buffered, Nullable`1 commandTimeout, Nullable`1 commandType)
   at Contec.Framework.Data.BaseRepository.Query[T](String sql, Object param) in D:\Dropbox\Projects\Contec-BusinessIntelligence\Contec.Framework\Data\BaseRepository.cs:line 54
ERROR - 2017-09-20 14:29:27: Error Executing Execute
MySql.Data.MySqlClient.MySqlException (0x80004005): Table 'businessintelligence.biaudit' doesn't exist in engine
   at MySql.Data.MySqlClient.MySqlStream.ReadPacket()
   at MySql.Data.MySqlClient.NativeDriver.GetResult(Int32& affectedRow, Int64& insertedId)
   at MySql.Data.MySqlClient.Driver.NextResult(Int32 statementId, Boolean force)
   at MySql.Data.MySqlClient.MySqlDataReader.NextResult()
   at MySql.Data.MySqlClient.MySqlCommand.ExecuteReader(CommandBehavior behavior)
   at MySql.Data.MySqlClient.MySqlCommand.ExecuteNonQuery()
   at Dapper.SqlMapper.ExecuteCommand(IDbConnection cnn, CommandDefinition& command, Action`2 paramReader)
   at Dapper.SqlMapper.ExecuteImpl(IDbConnection cnn, CommandDefinition& command)
   at Dapper.SqlMapper.Execute(IDbConnection cnn, String sql, Object param, IDbTransaction transaction, Nullable`1 commandTimeout, Nullable`1 commandType)
   at Contec.Framework.Data.BaseRepository.Execute(String sql, Object entity) in D:\Dropbox\Projects\Contec-BusinessIntelligence\Contec.Framework\Data\BaseRepository.cs:line 153
ERROR - 2017-09-20 14:29:27: Error Executing Execute
MySql.Data.MySqlClient.MySqlException (0x80004005): Table 'businessintelligence.biaudit' doesn't exist in engine
   at MySql.Data.MySqlClient.MySqlStream.ReadPacket()
   at MySql.Data.MySqlClient.NativeDriver.GetResult(Int32& affectedRow, Int64& insertedId)
   at MySql.Data.MySqlClient.Driver.NextResult(Int32 statementId, Boolean force)
   at MySql.Data.MySqlClient.MySqlDataReader.NextResult()
   at MySql.Data.MySqlClient.MySqlCommand.ExecuteReader(CommandBehavior behavior)
   at MySql.Data.MySqlClient.MySqlCommand.ExecuteNonQuery()
   at Dapper.SqlMapper.ExecuteCommand(IDbConnection cnn, CommandDefinition& command, Action`2 paramReader)
   at Dapper.SqlMapper.ExecuteImpl(IDbConnection cnn, CommandDefinition& command)
   at Dapper.SqlMapper.Execute(IDbConnection cnn, String sql, Object param, IDbTransaction transaction, Nullable`1 commandTimeout, Nullable`1 commandType)
   at Contec.Framework.Data.BaseRepository.Execute(String sql, Object entity) in D:\Dropbox\Projects\Contec-BusinessIntelligence\Contec.Framework\Data\BaseRepository.cs:line 153
ERROR - 2017-09-20 14:29:33: Error Executing Query
MySql.Data.MySqlClient.MySqlException (0x80004005): Table 'businessintelligence.bireports' doesn't exist in engine
   at MySql.Data.MySqlClient.MySqlStream.ReadPacket()
   at MySql.Data.MySqlClient.NativeDriver.GetResult(Int32& affectedRow, Int64& insertedId)
   at MySql.Data.MySqlClient.Driver.NextResult(Int32 statementId, Boolean force)
   at MySql.Data.MySqlClient.MySqlDataReader.NextResult()
   at MySql.Data.MySqlClient.MySqlCommand.ExecuteReader(CommandBehavior behavior)
   at Dapper.SqlMapper.ExecuteReaderWithFlagsFallback(IDbCommand cmd, Boolean wasClosed, CommandBehavior behavior)
   at Dapper.SqlMapper.<QueryImpl>d__125`1.MoveNext()
   at System.Collections.Generic.List`1..ctor(IEnumerable`1 collection)
   at System.Linq.Enumerable.ToList[TSource](IEnumerable`1 source)
   at Dapper.SqlMapper.Query[T](IDbConnection cnn, String sql, Object param, IDbTransaction transaction, Boolean buffered, Nullable`1 commandTimeout, Nullable`1 commandType)
   at Contec.Framework.Data.BaseRepository.Query[T](String sql, Object param) in D:\Dropbox\Projects\Contec-BusinessIntelligence\Contec.Framework\Data\BaseRepository.cs:line 54
ERROR - 2017-09-20 14:29:33: Error Executing Query
MySql.Data.MySqlClient.MySqlException (0x80004005): Table 'businessintelligence.bireportstosites' doesn't exist in engine
   at MySql.Data.MySqlClient.MySqlStream.ReadPacket()
   at MySql.Data.MySqlClient.NativeDriver.GetResult(Int32& affectedRow, Int64& insertedId)
   at MySql.Data.MySqlClient.Driver.NextResult(Int32 statementId, Boolean force)
   at MySql.Data.MySqlClient.MySqlDataReader.NextResult()
   at MySql.Data.MySqlClient.MySqlCommand.ExecuteReader(CommandBehavior behavior)
   at Dapper.SqlMapper.ExecuteReaderWithFlagsFallback(IDbCommand cmd, Boolean wasClosed, CommandBehavior behavior)
   at Dapper.SqlMapper.<QueryImpl>d__125`1.MoveNext()
   at System.Collections.Generic.List`1..ctor(IEnumerable`1 collection)
   at System.Linq.Enumerable.ToList[TSource](IEnumerable`1 source)
   at Dapper.SqlMapper.Query[T](IDbConnection cnn, String sql, Object param, IDbTransaction transaction, Boolean buffered, Nullable`1 commandTimeout, Nullable`1 commandType)
   at Contec.Framework.Data.BaseRepository.Query[T](String sql, Object param) in D:\Dropbox\Projects\Contec-BusinessIntelligence\Contec.Framework\Data\BaseRepository.cs:line 54
ERROR - 2017-09-20 14:29:34: Error Executing Execute
MySql.Data.MySqlClient.MySqlException (0x80004005): Table 'businessintelligence.biaudit' doesn't exist in engine
   at MySql.Data.MySqlClient.MySqlStream.ReadPacket()
   at MySql.Data.MySqlClient.NativeDriver.GetResult(Int32& affectedRow, Int64& insertedId)
   at MySql.Data.MySqlClient.Driver.NextResult(Int32 statementId, Boolean force)
   at MySql.Data.MySqlClient.MySqlDataReader.NextResult()
   at MySql.Data.MySqlClient.MySqlCommand.ExecuteReader(CommandBehavior behavior)
   at MySql.Data.MySqlClient.MySqlCommand.ExecuteNonQuery()
   at Dapper.SqlMapper.ExecuteCommand(IDbConnection cnn, CommandDefinition& command, Action`2 paramReader)
   at Dapper.SqlMapper.ExecuteImpl(IDbConnection cnn, CommandDefinition& command)
   at Dapper.SqlMapper.Execute(IDbConnection cnn, String sql, Object param, IDbTransaction transaction, Nullable`1 commandTimeout, Nullable`1 commandType)
   at Contec.Framework.Data.BaseRepository.Execute(String sql, Object entity) in D:\Dropbox\Projects\Contec-BusinessIntelligence\Contec.Framework\Data\BaseRepository.cs:line 153
ERROR - 2017-09-20 14:29:37: Error Executing Execute
MySql.Data.MySqlClient.MySqlException (0x80004005): Table 'businessintelligence.biaudit' doesn't exist in engine
   at MySql.Data.MySqlClient.MySqlStream.ReadPacket()
   at MySql.Data.MySqlClient.NativeDriver.GetResult(Int32& affectedRow, Int64& insertedId)
   at MySql.Data.MySqlClient.Driver.NextResult(Int32 statementId, Boolean force)
   at MySql.Data.MySqlClient.MySqlDataReader.NextResult()
   at MySql.Data.MySqlClient.MySqlCommand.ExecuteReader(CommandBehavior behavior)
   at MySql.Data.MySqlClient.MySqlCommand.ExecuteNonQuery()
   at Dapper.SqlMapper.ExecuteCommand(IDbConnection cnn, CommandDefinition& command, Action`2 paramReader)
   at Dapper.SqlMapper.ExecuteImpl(IDbConnection cnn, CommandDefinition& command)
   at Dapper.SqlMapper.Execute(IDbConnection cnn, String sql, Object param, IDbTransaction transaction, Nullable`1 commandTimeout, Nullable`1 commandType)
   at Contec.Framework.Data.BaseRepository.Execute(String sql, Object entity) in D:\Dropbox\Projects\Contec-BusinessIntelligence\Contec.Framework\Data\BaseRepository.cs:line 153
ERROR - 2017-09-20 14:34:14: Error Executing Query
MySql.Data.MySqlClient.MySqlException (0x80004005): Unable to connect to any of the specified MySQL hosts.
   at MySql.Data.MySqlClient.NativeDriver.Open()
   at MySql.Data.MySqlClient.Driver.Open()
   at MySql.Data.MySqlClient.Driver.Create(MySqlConnectionStringBuilder settings)
   at MySql.Data.MySqlClient.MySqlPool.CreateNewPooledConnection()
   at MySql.Data.MySqlClient.MySqlPool.GetPooledConnection()
   at MySql.Data.MySqlClient.MySqlPool.TryToGetDriver()
   at MySql.Data.MySqlClient.MySqlPool.GetConnection()
   at MySql.Data.MySqlClient.MySqlConnection.Open()
   at Contec.Data.Connections.MySqlConnectionFactory.Create() in D:\Dropbox\Projects\Contec-BusinessIntelligence\Contec.Data\Connections\MySqlConnectionFactory.cs:line 24
   at Contec.Framework.Data.BaseRepository.Query[T](String sql, Object param) in D:\Dropbox\Projects\Contec-BusinessIntelligence\Contec.Framework\Data\BaseRepository.cs:line 52
ERROR - 2017-09-20 14:34:16: Error Executing Query
MySql.Data.MySqlClient.MySqlException (0x80004005): Unable to connect to any of the specified MySQL hosts.
   at MySql.Data.MySqlClient.NativeDriver.Open()
   at MySql.Data.MySqlClient.Driver.Open()
   at MySql.Data.MySqlClient.Driver.Create(MySqlConnectionStringBuilder settings)
   at MySql.Data.MySqlClient.MySqlPool.CreateNewPooledConnection()
   at MySql.Data.MySqlClient.MySqlPool.GetPooledConnection()
   at MySql.Data.MySqlClient.MySqlPool.TryToGetDriver()
   at MySql.Data.MySqlClient.MySqlPool.GetConnection()
   at MySql.Data.MySqlClient.MySqlConnection.Open()
   at Contec.Data.Connections.MySqlConnectionFactory.Create() in D:\Dropbox\Projects\Contec-BusinessIntelligence\Contec.Data\Connections\MySqlConnectionFactory.cs:line 24
   at Contec.Framework.Data.BaseRepository.Query[T](String sql, Object param) in D:\Dropbox\Projects\Contec-BusinessIntelligence\Contec.Framework\Data\BaseRepository.cs:line 52
ERROR - 2017-09-20 14:34:25: Error Executing Execute
MySql.Data.MySqlClient.MySqlException (0x80004005): Unable to connect to any of the specified MySQL hosts.
   at MySql.Data.MySqlClient.NativeDriver.Open()
   at MySql.Data.MySqlClient.Driver.Open()
   at MySql.Data.MySqlClient.Driver.Create(MySqlConnectionStringBuilder settings)
   at MySql.Data.MySqlClient.MySqlPool.CreateNewPooledConnection()
   at MySql.Data.MySqlClient.MySqlPool.GetPooledConnection()
   at MySql.Data.MySqlClient.MySqlPool.TryToGetDriver()
   at MySql.Data.MySqlClient.MySqlPool.GetConnection()
   at MySql.Data.MySqlClient.MySqlConnection.Open()
   at Contec.Data.Connections.MySqlConnectionFactory.Create() in D:\Dropbox\Projects\Contec-BusinessIntelligence\Contec.Data\Connections\MySqlConnectionFactory.cs:line 24
   at Contec.Framework.Data.BaseRepository.Execute(String sql, Object entity) in D:\Dropbox\Projects\Contec-BusinessIntelligence\Contec.Framework\Data\BaseRepository.cs:line 151
ERROR - 2017-09-20 14:45:33: Error Executing Query
MySql.Data.MySqlClient.MySqlException (0x80004005): Unable to connect to any of the specified MySQL hosts.
   at MySql.Data.MySqlClient.NativeDriver.Open()
   at MySql.Data.MySqlClient.Driver.Open()
   at MySql.Data.MySqlClient.Driver.Create(MySqlConnectionStringBuilder settings)
   at MySql.Data.MySqlClient.MySqlPool.CreateNewPooledConnection()
   at MySql.Data.MySqlClient.MySqlPool.GetPooledConnection()
   at MySql.Data.MySqlClient.MySqlPool.TryToGetDriver()
   at MySql.Data.MySqlClient.MySqlPool.GetConnection()
   at MySql.Data.MySqlClient.MySqlConnection.Open()
   at Contec.Data.Connections.MySqlConnectionFactory.Create() in D:\Dropbox\Projects\Contec-BusinessIntelligence\Contec.Data\Connections\MySqlConnectionFactory.cs:line 24
   at Contec.Framework.Data.BaseRepository.Query[T](String sql, Object param) in D:\Dropbox\Projects\Contec-BusinessIntelligence\Contec.Framework\Data\BaseRepository.cs:line 52
ERROR - 2017-09-20 14:45:35: Error Executing Query
MySql.Data.MySqlClient.MySqlException (0x80004005): Unable to connect to any of the specified MySQL hosts.
   at MySql.Data.MySqlClient.NativeDriver.Open()
   at MySql.Data.MySqlClient.Driver.Open()
   at MySql.Data.MySqlClient.Driver.Create(MySqlConnectionStringBuilder settings)
   at MySql.Data.MySqlClient.MySqlPool.CreateNewPooledConnection()
   at MySql.Data.MySqlClient.MySqlPool.GetPooledConnection()
   at MySql.Data.MySqlClient.MySqlPool.TryToGetDriver()
   at MySql.Data.MySqlClient.MySqlPool.GetConnection()
   at MySql.Data.MySqlClient.MySqlConnection.Open()
   at Contec.Data.Connections.MySqlConnectionFactory.Create() in D:\Dropbox\Projects\Contec-BusinessIntelligence\Contec.Data\Connections\MySqlConnectionFactory.cs:line 24
   at Contec.Framework.Data.BaseRepository.Query[T](String sql, Object param) in D:\Dropbox\Projects\Contec-BusinessIntelligence\Contec.Framework\Data\BaseRepository.cs:line 52
ERROR - 2017-09-20 14:45:55: Error Executing Execute
MySql.Data.MySqlClient.MySqlException (0x80004005): Unable to connect to any of the specified MySQL hosts.
   at MySql.Data.MySqlClient.NativeDriver.Open()
   at MySql.Data.MySqlClient.Driver.Open()
   at MySql.Data.MySqlClient.Driver.Create(MySqlConnectionStringBuilder settings)
   at MySql.Data.MySqlClient.MySqlPool.CreateNewPooledConnection()
   at MySql.Data.MySqlClient.MySqlPool.GetPooledConnection()
   at MySql.Data.MySqlClient.MySqlPool.TryToGetDriver()
   at MySql.Data.MySqlClient.MySqlPool.GetConnection()
   at MySql.Data.MySqlClient.MySqlConnection.Open()
   at Contec.Data.Connections.MySqlConnectionFactory.Create() in D:\Dropbox\Projects\Contec-BusinessIntelligence\Contec.Data\Connections\MySqlConnectionFactory.cs:line 24
   at Contec.Framework.Data.BaseRepository.Execute(String sql, Object entity) in D:\Dropbox\Projects\Contec-BusinessIntelligence\Contec.Framework\Data\BaseRepository.cs:line 151
